Process...
Epoch Number : 1
Current loss : 0.0965491309762001
========================================
Epoch Number : 2
Current loss : 0.09712184965610504
========================================
Epoch Number : 3
Current loss : 0.037575654685497284
========================================
Epoch Number : 4
Current loss : 0.0532166063785553
========================================
Epoch Number : 5
Current loss : 0.05656273663043976
========================================
Epoch Number : 6
Current loss : 0.0287022702395916
========================================
Epoch Number : 7
Current loss : 0.0091431625187397
========================================
Epoch Number : 8
Current loss : 0.006555221043527126
========================================
Epoch Number : 9
Current loss : 0.014770274050533772
========================================
Epoch Number : 10
Current loss : 0.02368810772895813
========================================
Epoch Number : 11
Current loss : 0.007713800296187401
========================================
Epoch Number : 12
Current loss : 0.005887122824788094
========================================
Epoch Number : 13
Current loss : 0.006964895874261856
========================================
Epoch Number : 14
Current loss : 0.007301204837858677
========================================
Epoch Number : 15
Current loss : 0.006599295884370804
========================================
Epoch Number : 16
Current loss : 0.02166943997144699
========================================
Epoch Number : 17
Current loss : 0.0070945508778095245
========================================
Epoch Number : 18
Current loss : 0.009178610518574715
========================================
Epoch Number : 19
Current loss : 0.008930608630180359
========================================
Epoch Number : 20
Current loss : 0.004067523404955864
========================================
Epoch Number : 21
Current loss : 0.0020464027766138315
========================================
Epoch Number : 22
Current loss : 0.004509092774242163
========================================
Epoch Number : 23
Current loss : 0.002122958190739155
========================================
Epoch Number : 24
Current loss : 0.0063710687682032585
========================================
Epoch Number : 25
Current loss : 0.0019082356011494994
========================================
Epoch Number : 26
Current loss : 0.0016301474533975124
========================================
Epoch Number : 27
Current loss : 0.032312288880348206
========================================
Epoch Number : 28
Current loss : 0.004584860987961292
========================================
Epoch Number : 29
Current loss : 0.0091826431453228
========================================
Epoch Number : 30
Current loss : 0.0068320175632834435
========================================
Epoch Number : 31
Current loss : 0.0013352585956454277
========================================
Epoch Number : 32
Current loss : 0.0038495613262057304
========================================
Epoch Number : 33
Current loss : 0.0021628262475132942
========================================
Epoch Number : 34
Current loss : 0.004319861996918917
========================================
Epoch Number : 35
Current loss : 0.0023515461944043636
========================================
Epoch Number : 36
Current loss : 0.001666463096626103
========================================
Epoch Number : 37
Current loss : 0.00447513721883297
========================================
Epoch Number : 38
Current loss : 0.004175450652837753
========================================
Epoch Number : 39
Current loss : 0.00400425074622035
========================================
Epoch Number : 40
Current loss : 0.0014528929023072124
========================================
Epoch Number : 41
Current loss : 0.002864168956875801
========================================
Epoch Number : 42
Current loss : 0.002654914278537035
========================================
Epoch Number : 43
Current loss : 0.0028508161194622517
========================================
Epoch Number : 44
Current loss : 0.0038514549378305674
========================================
Epoch Number : 45
Current loss : 0.0010116456542164087
========================================
Epoch Number : 46
Current loss : 0.005045234225690365
========================================
Epoch Number : 47
Current loss : 0.002186399884521961
========================================
Epoch Number : 48
Current loss : 0.0009822406573221087
========================================
Epoch Number : 49
Current loss : 0.0024925193283706903
========================================
Epoch Number : 50
Current loss : 0.0021077084820717573
========================================
Epoch Number : 51
Current loss : 0.0016229130560532212
========================================
Epoch Number : 52
Current loss : 0.0014163656160235405
========================================
Epoch Number : 53
Current loss : 0.00045325251994654536
========================================
Epoch Number : 54
Current loss : 0.0005145319737493992
========================================
Epoch Number : 55
Current loss : 0.0008673995034769177
========================================
Epoch Number : 56
Current loss : 0.0006061039748601615
========================================
Epoch Number : 57
Current loss : 0.002121585188433528
========================================
Epoch Number : 58
Current loss : 0.0016787140630185604
========================================
Epoch Number : 59
Current loss : 0.0010122571839019656
========================================
Epoch Number : 60
Current loss : 0.0009991568513214588
========================================
Epoch Number : 61
Current loss : 0.0008193575777113438
========================================
Epoch Number : 62
Current loss : 0.0009960110764950514
========================================
Epoch Number : 63
Current loss : 0.0008844941621646285
========================================
Epoch Number : 64
Current loss : 0.0023780069313943386
========================================
Epoch Number : 65
Current loss : 0.0008919317624531686
========================================
Epoch Number : 66
Current loss : 0.0015915208496153355
========================================
Epoch Number : 67
Current loss : 0.0021936041302978992
========================================
Epoch Number : 68
Current loss : 0.0006280540837906301
========================================
Epoch Number : 69
Current loss : 0.002884267596527934
========================================
Epoch Number : 70
Current loss : 0.0005517936078831553
========================================
Epoch Number : 71
Current loss : 0.0008770631393417716
========================================
Epoch Number : 72
Current loss : 0.0006936714053153992
========================================
Epoch Number : 73
Current loss : 0.0011646640487015247
========================================
Epoch Number : 74
Current loss : 0.0005200437735766172
========================================
Epoch Number : 75
Current loss : 0.0004437212774064392
========================================
Epoch Number : 76
Current loss : 0.003051062347367406
========================================
Epoch Number : 77
Current loss : 0.0005438688676804304
========================================
Epoch Number : 78
Current loss : 0.0005038913222961128
========================================
Epoch Number : 79
Current loss : 0.0003609434061218053
========================================
Epoch Number : 80
Current loss : 0.0007081158692017198
========================================
Epoch Number : 81
Current loss : 0.0010520736686885357
========================================
Epoch Number : 82
Current loss : 0.0004969227593392134
========================================
Epoch Number : 83
Current loss : 0.003076061373576522
========================================
Epoch Number : 84
Current loss : 0.0005784251261502504
========================================
Epoch Number : 85
Current loss : 0.00012169436377007514
========================================
Epoch Number : 86
Current loss : 0.0009722282411530614
========================================
Epoch Number : 87
Current loss : 0.0004143022233620286
========================================
Epoch Number : 88
Current loss : 0.0004123967664781958
========================================
Epoch Number : 89
Current loss : 0.0008929558680392802
========================================
Epoch Number : 90
Current loss : 0.011524530127644539
========================================
Epoch Number : 91
Current loss : 5.408113338489784e-06
========================================
Epoch Number : 92
Current loss : 0.0007480933563783765
========================================
Epoch Number : 93
Current loss : 0.0008659547893330455
========================================
Epoch Number : 94
Current loss : 0.0003693615144584328
========================================
Epoch Number : 95
Current loss : 0.0004088965361006558
========================================
Epoch Number : 96
Current loss : 0.0016116955084726214
========================================
Epoch Number : 97
Current loss : 0.00016418792074546218
========================================
Epoch Number : 98
Current loss : 0.0002558619889896363
========================================
Epoch Number : 99
Current loss : 0.0007411422557197511
========================================
Epoch Number : 100
Current loss : 0.001161550055257976
========================================
Finish in 01:29:33
